# JRE version: Java(TM) SE Runtime Environment (8.0_221-b11) (build 1.8.0_221-b11)
# Java VM: Java HotSpot(TM) Client VM (25.221-b11 mixed mode windows-x86 )
Heap:
 def new generation   total 4992K, used 44K [0x05600000, 0x05b60000, 0x0ab50000)
  eden space 4480K,   1% used [0x05600000, 0x0560b360, 0x05a60000)
  from space 512K,   0% used [0x05a60000, 0x05a60000, 0x05ae0000)
  to   space 512K,   0% used [0x05ae0000, 0x05ae0000, 0x05b60000)
 tenured generation   total 10944K, used 1115K [0x0ab50000, 0x0b600000, 0x15600000)
   the space 10944K,  10% used [0x0ab50000, 0x0ac66f40, 0x0ac67000, 0x0b600000)
 Metaspace       used 5312K, capacity 5495K, committed 5632K, reserved 8576K
GC Heap History (6 events):
Event: 23.850 GC heap before
{Heap before GC invocations=0 (full 0):
 def new generation   total 4928K, used 3474K [0x05600000, 0x05b50000, 0x0ab50000)
  eden space 4416K,  78% used [0x05600000, 0x05964b90, 0x05a50000)
  from space 512K,   0% used [0x05a50000, 0x05a50000, 0x05ad0000)
  to   space 512K,   0% used [0x05ad0000, 0x05ad0000, 0x05b50000)
 tenured generation   total 10944K, used 0K [0x0ab50000, 0x0b600000, 0x15600000)
   the space 10944K,   0% used [0x0ab50000, 0x0ab50000, 0x0ab50200, 0x0b600000)
 Metaspace       used 5313K, capacity 5475K, committed 5504K, reserved 8576K
Event: 24.068 GC heap after
Heap after GC invocations=1 (full 1):
 def new generation   total 4992K, used 0K [0x05600000, 0x05b60000, 0x0ab50000)
  eden space 4480K,   0% used [0x05600000, 0x05600000, 0x05a60000)
  from space 512K,   0% used [0x05a60000, 0x05a60000, 0x05ae0000)
  to   space 512K,   0% used [0x05ae0000, 0x05ae0000, 0x05b60000)
 tenured generation   total 10944K, used 1115K [0x0ab50000, 0x0b600000, 0x15600000)
   the space 10944K,  10% used [0x0ab50000, 0x0ac66f40, 0x0ac67000, 0x0b600000)
 Metaspace       used 5313K, capacity 5475K, committed 5504K, reserved 7552K
}
Event: 24.068 GC heap before
{Heap before GC invocations=1 (full 1):
 def new generation   total 4992K, used 0K [0x05600000, 0x05b60000, 0x0ab50000)
  eden space 4480K,   0% used [0x05600000, 0x05600000, 0x05a60000)
  from space 512K,   0% used [0x05a60000, 0x05a60000, 0x05ae0000)
  to   space 512K,   0% used [0x05ae0000, 0x05ae0000, 0x05b60000)
 tenured generation   total 10944K, used 1115K [0x0ab50000, 0x0b600000, 0x15600000)
   the space 10944K,  10% used [0x0ab50000, 0x0ac66f40, 0x0ac67000, 0x0b600000)
 Metaspace       used 5315K, capacity 5475K, committed 5504K, reserved 10624K
Event: 24.076 GC heap after
Heap after GC invocations=2 (full 2):
 def new generation   total 4992K, used 0K [0x05600000, 0x05b60000, 0x0ab50000)
  eden space 4480K,   0% used [0x05600000, 0x05600000, 0x05a60000)
  from space 512K,   0% used [0x05a60000, 0x05a60000, 0x05ae0000)
  to   space 512K,   0% used [0x05ae0000, 0x05ae0000, 0x05b60000)
 tenured generation   total 10944K, used 1115K [0x0ab50000, 0x0b600000, 0x15600000)
   the space 10944K,  10% used [0x0ab50000, 0x0ac66f40, 0x0ac67000, 0x0b600000)
 Metaspace       used 5310K, capacity 5463K, committed 5504K, reserved 7552K
}
Event: 24.220 GC heap before
{Heap before GC invocations=2 (full 2):
 def new generation   total 4992K, used 0K [0x05600000, 0x05b60000, 0x0ab50000)
  eden space 4480K,   0% used [0x05600000, 0x05600000, 0x05a60000)
  from space 512K,   0% used [0x05a60000, 0x05a60000, 0x05ae0000)
  to   space 512K,   0% used [0x05ae0000, 0x05ae0000, 0x05b60000)
 tenured generation   total 10944K, used 1115K [0x0ab50000, 0x0b600000, 0x15600000)
   the space 10944K,  10% used [0x0ab50000, 0x0ac66f40, 0x0ac67000, 0x0b600000)
 Metaspace       used 5310K, capacity 5463K, committed 5504K, reserved 9600K
Event: 24.228 GC heap after
Heap after GC invocations=3 (full 3):
 def new generation   total 4992K, used 0K [0x05600000, 0x05b60000, 0x0ab50000)
  eden space 4480K,   0% used [0x05600000, 0x05600000, 0x05a60000)
  from space 512K,   0% used [0x05a60000, 0x05a60000, 0x05ae0000)
  to   space 512K,   0% used [0x05ae0000, 0x05ae0000, 0x05b60000)
 tenured generation   total 10944K, used 1115K [0x0ab50000, 0x0b600000, 0x15600000)
   the space 10944K,  10% used [0x0ab50000, 0x0ac66f40, 0x0ac67000, 0x0b600000)
 Metaspace       used 5310K, capacity 5463K, committed 5504K, reserved 7552K
}

